2025-05-30 14:05:55,104 [INFO] concord.llm.prompts: Loaded external template: v1.1-enzyme
2025-05-30 14:05:55,104 [INFO] concord.llm.prompts: Loaded external template: v2
2025-05-30 14:05:55,104 [INFO] concord.llm.prompts: Loaded external template: v2.1
2025-05-30 14:05:55,104 [INFO] concord.llm.prompts: Loaded external template: v3.0-CoT
2025-05-30 14:05:55,104 [INFO] concord.llm.prompts: Loaded external template: v3.1-CoT
2025-05-30 14:05:55,104 [INFO] concord.llm.prompts: Loaded external template: v1.2-general
2025-05-30 14:05:55,104 [INFO] concord.llm.prompts: Loaded external template: v1.3-test
2025-05-30 14:05:55,104 [INFO] concord.llm.prompts: Loaded external template: v1.1-phage
2025-05-30 14:05:55,104 [INFO] concord.llm.prompts: Loaded external template: v3.2
2025-05-30 14:05:55,105 [INFO] concord.llm.prompts: Loaded external template: v1.0
2025-05-30 14:05:55,105 [INFO] concord.llm.prompts: Loaded external template: v3.0
2025-05-30 14:05:55,105 [INFO] concord.llm.prompts: Loaded external template: v1.1-general
2025-05-30 14:05:55,105 [INFO] concord.llm.prompts: Loaded external template: v3.1
2025-05-30 14:05:55,105 [INFO] concord.llm.prompts: Loaded external template: v3.2-CoT
2025-05-30 14:05:55,105 [INFO] concord.llm.prompts: Loaded external template: v0.0_bug_test
2025-05-30 14:05:55,109 [INFO] concord.llm.argo_gateway: ArgoGatewayClient initialised | model=gpto1 env=dev timeout=120.0s url=https://apps-dev.inside.anl.gov/argoapi/api/v1/resource/chat/
✓ Argo Gateway API reachable
Processing:   0%|          | 0/165 [00:00<?, ?row/s]2025-05-30 14:05:57,016 [INFO] concord.llm.argo_gateway: ArgoGatewayClient initialised | model=gpto1 env=dev timeout=120.0s url=https://apps-dev.inside.anl.gov/argoapi/api/v1/resource/chat/
Processing:  12%|█▏        | 20/165 [00:31<03:47,  1.57s/row]2025-05-30 14:06:28,446 [INFO] concord.llm.argo_gateway: ArgoGatewayClient initialised | model=gpto1 env=dev timeout=120.0s url=https://apps-dev.inside.anl.gov/argoapi/api/v1/resource/chat/
Processing:  24%|██▍       | 40/165 [02:17<07:50,  3.76s/row]2025-05-30 14:08:14,443 [INFO] concord.llm.argo_gateway: ArgoGatewayClient initialised | model=gpto1 env=dev timeout=120.0s url=https://apps-dev.inside.anl.gov/argoapi/api/v1/resource/chat/
Processing:  36%|███▋      | 60/165 [03:15<05:53,  3.37s/row]2025-05-30 14:09:12,455 [INFO] concord.llm.argo_gateway: ArgoGatewayClient initialised | model=gpto1 env=dev timeout=120.0s url=https://apps-dev.inside.anl.gov/argoapi/api/v1/resource/chat/
Processing:  48%|████▊     | 80/165 [03:48<03:49,  2.69s/row]2025-05-30 14:09:45,640 [INFO] concord.llm.argo_gateway: ArgoGatewayClient initialised | model=gpto1 env=dev timeout=120.0s url=https://apps-dev.inside.anl.gov/argoapi/api/v1/resource/chat/
Processing:  61%|██████    | 100/165 [05:23<03:42,  3.42s/row]2025-05-30 14:11:20,025 [INFO] concord.llm.argo_gateway: ArgoGatewayClient initialised | model=gpto1 env=dev timeout=120.0s url=https://apps-dev.inside.anl.gov/argoapi/api/v1/resource/chat/
WARNING:root:Unknown label: 'Related' (raw: 'Related') from response: Related — A is a fused, dual-function annotation; B has only one function (rule 5)
WARNING:root:Unknown label: 'Related' (raw: 'Related') from response: Related — A is a fused, dual-function annotation; B has only one function (rule 5)
Processing:  73%|███████▎  | 120/165 [06:37<02:38,  3.53s/row]2025-05-30 14:12:34,496 [INFO] concord.llm.argo_gateway: ArgoGatewayClient initialised | model=gpto1 env=dev timeout=120.0s url=https://apps-dev.inside.anl.gov/argoapi/api/v1/resource/chat/
Processing:  85%|████████▍ | 140/165 [07:37<01:23,  3.35s/row]2025-05-30 14:13:34,505 [INFO] concord.llm.argo_gateway: ArgoGatewayClient initialised | model=gpto1 env=dev timeout=120.0s url=https://apps-dev.inside.anl.gov/argoapi/api/v1/resource/chat/
WARNING:root:Unknown label: 'Related' (raw: 'Related') from response: Related — both are T2SS components but different subunits (rule #5)
WARNING:root:Unknown label: 'Related' (raw: 'Related') from response: Related — both in polysaccharide pathways but different functional roles (rule #5)
Processing:  97%|█████████▋| 160/165 [08:55<00:17,  3.53s/row]2025-05-30 14:14:52,730 [INFO] concord.llm.argo_gateway: ArgoGatewayClient initialised | model=gpto1 env=dev timeout=120.0s url=https://apps-dev.inside.anl.gov/argoapi/api/v1/resource/chat/
Processing: 100%|██████████| 165/165 [09:18<00:00,  3.64s/row]Processing: 100%|██████████| 165/165 [09:18<00:00,  3.39s/row]
2025-05-30 14:15:15,678 [INFO] concord.pipeline: Processed 165 rows in 558.70s
✓ wrote eval/results/benchmark_run_20250530_140110/gpto1/gpto1_v3.1_zero.csv
2025-05-30 14:15:17,488 [INFO] concord.llm.prompts: Loaded external template: v1.1-enzyme
2025-05-30 14:15:17,488 [INFO] concord.llm.prompts: Loaded external template: v2
2025-05-30 14:15:17,488 [INFO] concord.llm.prompts: Loaded external template: v2.1
2025-05-30 14:15:17,488 [INFO] concord.llm.prompts: Loaded external template: v3.0-CoT
2025-05-30 14:15:17,488 [INFO] concord.llm.prompts: Loaded external template: v3.1-CoT
2025-05-30 14:15:17,488 [INFO] concord.llm.prompts: Loaded external template: v1.2-general
2025-05-30 14:15:17,488 [INFO] concord.llm.prompts: Loaded external template: v1.3-test
2025-05-30 14:15:17,488 [INFO] concord.llm.prompts: Loaded external template: v1.1-phage
2025-05-30 14:15:17,488 [INFO] concord.llm.prompts: Loaded external template: v3.2
2025-05-30 14:15:17,488 [INFO] concord.llm.prompts: Loaded external template: v1.0
2025-05-30 14:15:17,488 [INFO] concord.llm.prompts: Loaded external template: v3.0
2025-05-30 14:15:17,488 [INFO] concord.llm.prompts: Loaded external template: v1.1-general
2025-05-30 14:15:17,488 [INFO] concord.llm.prompts: Loaded external template: v3.1
2025-05-30 14:15:17,488 [INFO] concord.llm.prompts: Loaded external template: v3.2-CoT
2025-05-30 14:15:17,488 [INFO] concord.llm.prompts: Loaded external template: v0.0_bug_test
2025-05-30 14:15:17,492 [INFO] concord.llm.argo_gateway: ArgoGatewayClient initialised | model=gpto1 env=dev timeout=120.0s url=https://apps-dev.inside.anl.gov/argoapi/api/v1/resource/chat/
✓ Argo Gateway API reachable
Processing:   0%|          | 0/165 [00:00<?, ?row/s]2025-05-30 14:15:19,159 [INFO] concord.llm.argo_gateway: ArgoGatewayClient initialised | model=gpto1 env=dev timeout=120.0s url=https://apps-dev.inside.anl.gov/argoapi/api/v1/resource/chat/
Processing:  12%|█▏        | 20/165 [00:30<03:44,  1.55s/row]2025-05-30 14:15:50,099 [INFO] concord.llm.argo_gateway: ArgoGatewayClient initialised | model=gpto1 env=dev timeout=120.0s url=https://apps-dev.inside.anl.gov/argoapi/api/v1/resource/chat/
Processing:  24%|██▍       | 40/165 [01:29<04:55,  2.36s/row]2025-05-30 14:16:48,789 [INFO] concord.llm.argo_gateway: ArgoGatewayClient initialised | model=gpto1 env=dev timeout=120.0s url=https://apps-dev.inside.anl.gov/argoapi/api/v1/resource/chat/
Processing:  36%|███▋      | 60/165 [02:30<04:40,  2.67s/row]2025-05-30 14:17:49,529 [INFO] concord.llm.argo_gateway: ArgoGatewayClient initialised | model=gpto1 env=dev timeout=120.0s url=https://apps-dev.inside.anl.gov/argoapi/api/v1/resource/chat/
Processing:  48%|████▊     | 80/165 [03:04<03:14,  2.29s/row]2025-05-30 14:18:23,557 [INFO] concord.llm.argo_gateway: ArgoGatewayClient initialised | model=gpto1 env=dev timeout=120.0s url=https://apps-dev.inside.anl.gov/argoapi/api/v1/resource/chat/
Processing:  61%|██████    | 100/165 [04:06<02:47,  2.58s/row]2025-05-30 14:19:25,257 [INFO] concord.llm.argo_gateway: ArgoGatewayClient initialised | model=gpto1 env=dev timeout=120.0s url=https://apps-dev.inside.anl.gov/argoapi/api/v1/resource/chat/
Processing:  73%|███████▎  | 120/165 [05:02<01:59,  2.65s/row]
Aborted.
Processing:  73%|███████▎  | 120/165 [05:02<01:53,  2.52s/row]
[1/4] Running MODE=zero-shot, PROMPT=v3.1, SIM_HINT=no -> eval/results/benchmark_run_20250530_140110/gpto1/gpto1_v3.1_zero.csv
[2/4] Running MODE=zero-shot, PROMPT=v3.1-CoT, SIM_HINT=no -> eval/results/benchmark_run_20250530_140110/gpto1/gpto1_v3.1-CoT_zero.csv
Traceback (most recent call last):
  File "/Users/jplfaria/miniconda3/lib/python3.11/subprocess.py", line 1264, in wait
    return self._wait(timeout=timeout)
           ^^^^^^^^^^^^^^^^^^^^^^^^^^^
  File "/Users/jplfaria/miniconda3/lib/python3.11/subprocess.py", line 2053, in _wait
    (pid, sts) = self._try_wait(0)
                 ^^^^^^^^^^^^^^^^^
  File "/Users/jplfaria/miniconda3/lib/python3.11/subprocess.py", line 2011, in _try_wait
    (pid, sts) = os.waitpid(self.pid, wait_flags)
                 ^^^^^^^^^^^^^^^^^^^^^^^^^^^^^^^^
KeyboardInterrupt

During handling of the above exception, another exception occurred:

Traceback (most recent call last):
  File "/Users/jplfaria/repos/CONCORDIA/eval/scripts/benchmark_runner.py", line 87, in <module>
    main()
  File "/Users/jplfaria/repos/CONCORDIA/eval/scripts/benchmark_runner.py", line 83, in main
    subprocess.run(cmd, check=True)
  File "/Users/jplfaria/miniconda3/lib/python3.11/subprocess.py", line 550, in run
    stdout, stderr = process.communicate(input, timeout=timeout)
                     ^^^^^^^^^^^^^^^^^^^^^^^^^^^^^^^^^^^^^^^^^^^
  File "/Users/jplfaria/miniconda3/lib/python3.11/subprocess.py", line 1201, in communicate
    self.wait()
  File "/Users/jplfaria/miniconda3/lib/python3.11/subprocess.py", line 1277, in wait
    self._wait(timeout=sigint_timeout)
  File "/Users/jplfaria/miniconda3/lib/python3.11/subprocess.py", line 2047, in _wait
    time.sleep(delay)
KeyboardInterrupt
